[2015-08-27 18:10:46] INFO  WEBrick 1.3.1
[2015-08-27 18:10:46] INFO  ruby 2.2.2 (2015-04-13) [x86_64-darwin14]
/Users/ashleyhofferber/.rbenv/versions/2.2.2/lib/ruby/2.2.0/socket.rb:206:in `bind': Permission denied - bind(2) for 0.0.0.0:80 (Errno::EACCES)
	from /Users/ashleyhofferber/.rbenv/versions/2.2.2/lib/ruby/2.2.0/socket.rb:206:in `listen'
	from /Users/ashleyhofferber/.rbenv/versions/2.2.2/lib/ruby/2.2.0/socket.rb:461:in `block in tcp_server_sockets'
	from /Users/ashleyhofferber/.rbenv/versions/2.2.2/lib/ruby/2.2.0/socket.rb:232:in `each'
	from /Users/ashleyhofferber/.rbenv/versions/2.2.2/lib/ruby/2.2.0/socket.rb:232:in `foreach'
	from /Users/ashleyhofferber/.rbenv/versions/2.2.2/lib/ruby/2.2.0/socket.rb:459:in `tcp_server_sockets'
	from /Users/ashleyhofferber/.rbenv/versions/2.2.2/lib/ruby/2.2.0/webrick/utils.rb:70:in `create_listeners'
	from /Users/ashleyhofferber/.rbenv/versions/2.2.2/lib/ruby/2.2.0/webrick/server.rb:133:in `listen'
	from /Users/ashleyhofferber/.rbenv/versions/2.2.2/lib/ruby/2.2.0/webrick/server.rb:114:in `initialize'
	from /Users/ashleyhofferber/.rbenv/versions/2.2.2/lib/ruby/2.2.0/webrick/httpserver.rb:45:in `initialize'
	from /Users/ashleyhofferber/.rbenv/versions/2.2.2/lib/ruby/gems/2.2.0/gems/rack-1.6.4/lib/rack/handler/webrick.rb:31:in `new'
	from /Users/ashleyhofferber/.rbenv/versions/2.2.2/lib/ruby/gems/2.2.0/gems/rack-1.6.4/lib/rack/handler/webrick.rb:31:in `run'
	from /Users/ashleyhofferber/.rbenv/versions/2.2.2/lib/ruby/gems/2.2.0/gems/rack-1.6.4/lib/rack/server.rb:286:in `start'
	from /Users/ashleyhofferber/.rbenv/versions/2.2.2/lib/ruby/gems/2.2.0/gems/rack-1.6.4/lib/rack/server.rb:147:in `start'
	from /Users/ashleyhofferber/.rbenv/versions/2.2.2/lib/ruby/gems/2.2.0/gems/rack-1.6.4/bin/rackup:4:in `<top (required)>'
	from /Users/ashleyhofferber/.rbenv/versions/2.2.2/bin/rackup:23:in `load'
	from /Users/ashleyhofferber/.rbenv/versions/2.2.2/bin/rackup:23:in `<main>'
[2015-08-27 18:11:07] INFO  WEBrick 1.3.1
[2015-08-27 18:11:07] INFO  ruby 2.2.2 (2015-04-13) [x86_64-darwin14]
/Users/ashleyhofferber/.rbenv/versions/2.2.2/lib/ruby/2.2.0/socket.rb:206:in `bind': Can't assign requested address - bind(2) for 45.55.185.47:80 (Errno::EADDRNOTAVAIL)
	from /Users/ashleyhofferber/.rbenv/versions/2.2.2/lib/ruby/2.2.0/socket.rb:206:in `listen'
	from /Users/ashleyhofferber/.rbenv/versions/2.2.2/lib/ruby/2.2.0/socket.rb:461:in `block in tcp_server_sockets'
	from /Users/ashleyhofferber/.rbenv/versions/2.2.2/lib/ruby/2.2.0/socket.rb:232:in `each'
	from /Users/ashleyhofferber/.rbenv/versions/2.2.2/lib/ruby/2.2.0/socket.rb:232:in `foreach'
	from /Users/ashleyhofferber/.rbenv/versions/2.2.2/lib/ruby/2.2.0/socket.rb:459:in `tcp_server_sockets'
	from /Users/ashleyhofferber/.rbenv/versions/2.2.2/lib/ruby/2.2.0/webrick/utils.rb:70:in `create_listeners'
	from /Users/ashleyhofferber/.rbenv/versions/2.2.2/lib/ruby/2.2.0/webrick/server.rb:133:in `listen'
	from /Users/ashleyhofferber/.rbenv/versions/2.2.2/lib/ruby/2.2.0/webrick/server.rb:114:in `initialize'
	from /Users/ashleyhofferber/.rbenv/versions/2.2.2/lib/ruby/2.2.0/webrick/httpserver.rb:45:in `initialize'
	from /Users/ashleyhofferber/.rbenv/versions/2.2.2/lib/ruby/gems/2.2.0/gems/rack-1.6.4/lib/rack/handler/webrick.rb:31:in `new'
	from /Users/ashleyhofferber/.rbenv/versions/2.2.2/lib/ruby/gems/2.2.0/gems/rack-1.6.4/lib/rack/handler/webrick.rb:31:in `run'
	from /Users/ashleyhofferber/.rbenv/versions/2.2.2/lib/ruby/gems/2.2.0/gems/rack-1.6.4/lib/rack/server.rb:286:in `start'
	from /Users/ashleyhofferber/.rbenv/versions/2.2.2/lib/ruby/gems/2.2.0/gems/rack-1.6.4/lib/rack/server.rb:147:in `start'
	from /Users/ashleyhofferber/.rbenv/versions/2.2.2/lib/ruby/gems/2.2.0/gems/rack-1.6.4/bin/rackup:4:in `<top (required)>'
	from /Users/ashleyhofferber/.rbenv/versions/2.2.2/bin/rackup:23:in `load'
	from /Users/ashleyhofferber/.rbenv/versions/2.2.2/bin/rackup:23:in `<main>'
[2015-08-27 18:11:16] INFO  WEBrick 1.3.1
[2015-08-27 18:11:16] INFO  ruby 2.2.2 (2015-04-13) [x86_64-darwin14]
/Users/ashleyhofferber/.rbenv/versions/2.2.2/lib/ruby/2.2.0/socket.rb:206:in `bind': Can't assign requested address - bind(2) for 45.55.185.47:80 (Errno::EADDRNOTAVAIL)
	from /Users/ashleyhofferber/.rbenv/versions/2.2.2/lib/ruby/2.2.0/socket.rb:206:in `listen'
	from /Users/ashleyhofferber/.rbenv/versions/2.2.2/lib/ruby/2.2.0/socket.rb:461:in `block in tcp_server_sockets'
	from /Users/ashleyhofferber/.rbenv/versions/2.2.2/lib/ruby/2.2.0/socket.rb:232:in `each'
	from /Users/ashleyhofferber/.rbenv/versions/2.2.2/lib/ruby/2.2.0/socket.rb:232:in `foreach'
	from /Users/ashleyhofferber/.rbenv/versions/2.2.2/lib/ruby/2.2.0/socket.rb:459:in `tcp_server_sockets'
	from /Users/ashleyhofferber/.rbenv/versions/2.2.2/lib/ruby/2.2.0/webrick/utils.rb:70:in `create_listeners'
	from /Users/ashleyhofferber/.rbenv/versions/2.2.2/lib/ruby/2.2.0/webrick/server.rb:133:in `listen'
	from /Users/ashleyhofferber/.rbenv/versions/2.2.2/lib/ruby/2.2.0/webrick/server.rb:114:in `initialize'
	from /Users/ashleyhofferber/.rbenv/versions/2.2.2/lib/ruby/2.2.0/webrick/httpserver.rb:45:in `initialize'
	from /Users/ashleyhofferber/.rbenv/versions/2.2.2/lib/ruby/gems/2.2.0/gems/rack-1.6.4/lib/rack/handler/webrick.rb:31:in `new'
	from /Users/ashleyhofferber/.rbenv/versions/2.2.2/lib/ruby/gems/2.2.0/gems/rack-1.6.4/lib/rack/handler/webrick.rb:31:in `run'
	from /Users/ashleyhofferber/.rbenv/versions/2.2.2/lib/ruby/gems/2.2.0/gems/rack-1.6.4/lib/rack/server.rb:286:in `start'
	from /Users/ashleyhofferber/.rbenv/versions/2.2.2/lib/ruby/gems/2.2.0/gems/rack-1.6.4/lib/rack/server.rb:147:in `start'
	from /Users/ashleyhofferber/.rbenv/versions/2.2.2/lib/ruby/gems/2.2.0/gems/rack-1.6.4/bin/rackup:4:in `<top (required)>'
	from /Users/ashleyhofferber/.rbenv/versions/2.2.2/bin/rackup:23:in `load'
	from /Users/ashleyhofferber/.rbenv/versions/2.2.2/bin/rackup:23:in `<main>'
[2015-08-27 18:24:14] INFO  WEBrick 1.3.1
[2015-08-27 18:24:14] INFO  ruby 2.2.2 (2015-04-13) [x86_64-darwin14]
/Users/ashleyhofferber/.rbenv/versions/2.2.2/lib/ruby/2.2.0/socket.rb:206:in `bind': Permission denied - bind(2) for 0.0.0.0:80 (Errno::EACCES)
	from /Users/ashleyhofferber/.rbenv/versions/2.2.2/lib/ruby/2.2.0/socket.rb:206:in `listen'
	from /Users/ashleyhofferber/.rbenv/versions/2.2.2/lib/ruby/2.2.0/socket.rb:461:in `block in tcp_server_sockets'
	from /Users/ashleyhofferber/.rbenv/versions/2.2.2/lib/ruby/2.2.0/socket.rb:232:in `each'
	from /Users/ashleyhofferber/.rbenv/versions/2.2.2/lib/ruby/2.2.0/socket.rb:232:in `foreach'
	from /Users/ashleyhofferber/.rbenv/versions/2.2.2/lib/ruby/2.2.0/socket.rb:459:in `tcp_server_sockets'
	from /Users/ashleyhofferber/.rbenv/versions/2.2.2/lib/ruby/2.2.0/webrick/utils.rb:70:in `create_listeners'
	from /Users/ashleyhofferber/.rbenv/versions/2.2.2/lib/ruby/2.2.0/webrick/server.rb:133:in `listen'
	from /Users/ashleyhofferber/.rbenv/versions/2.2.2/lib/ruby/2.2.0/webrick/server.rb:114:in `initialize'
	from /Users/ashleyhofferber/.rbenv/versions/2.2.2/lib/ruby/2.2.0/webrick/httpserver.rb:45:in `initialize'
	from /Users/ashleyhofferber/.rbenv/versions/2.2.2/lib/ruby/gems/2.2.0/gems/rack-1.6.4/lib/rack/handler/webrick.rb:31:in `new'
	from /Users/ashleyhofferber/.rbenv/versions/2.2.2/lib/ruby/gems/2.2.0/gems/rack-1.6.4/lib/rack/handler/webrick.rb:31:in `run'
	from /Users/ashleyhofferber/.rbenv/versions/2.2.2/lib/ruby/gems/2.2.0/gems/rack-1.6.4/lib/rack/server.rb:286:in `start'
	from /Users/ashleyhofferber/.rbenv/versions/2.2.2/lib/ruby/gems/2.2.0/gems/rack-1.6.4/lib/rack/server.rb:147:in `start'
	from /Users/ashleyhofferber/.rbenv/versions/2.2.2/lib/ruby/gems/2.2.0/gems/rack-1.6.4/bin/rackup:4:in `<top (required)>'
	from /Users/ashleyhofferber/.rbenv/versions/2.2.2/bin/rackup:23:in `load'
	from /Users/ashleyhofferber/.rbenv/versions/2.2.2/bin/rackup:23:in `<main>'
[2015-08-27 18:24:18] INFO  WEBrick 1.3.1
[2015-08-27 18:24:18] INFO  ruby 2.2.2 (2015-04-13) [x86_64-darwin14]
/Users/ashleyhofferber/.rbenv/versions/2.2.2/lib/ruby/2.2.0/socket.rb:206:in `bind': Permission denied - bind(2) for 0.0.0.0:80 (Errno::EACCES)
	from /Users/ashleyhofferber/.rbenv/versions/2.2.2/lib/ruby/2.2.0/socket.rb:206:in `listen'
	from /Users/ashleyhofferber/.rbenv/versions/2.2.2/lib/ruby/2.2.0/socket.rb:461:in `block in tcp_server_sockets'
	from /Users/ashleyhofferber/.rbenv/versions/2.2.2/lib/ruby/2.2.0/socket.rb:232:in `each'
	from /Users/ashleyhofferber/.rbenv/versions/2.2.2/lib/ruby/2.2.0/socket.rb:232:in `foreach'
	from /Users/ashleyhofferber/.rbenv/versions/2.2.2/lib/ruby/2.2.0/socket.rb:459:in `tcp_server_sockets'
	from /Users/ashleyhofferber/.rbenv/versions/2.2.2/lib/ruby/2.2.0/webrick/utils.rb:70:in `create_listeners'
	from /Users/ashleyhofferber/.rbenv/versions/2.2.2/lib/ruby/2.2.0/webrick/server.rb:133:in `listen'
	from /Users/ashleyhofferber/.rbenv/versions/2.2.2/lib/ruby/2.2.0/webrick/server.rb:114:in `initialize'
	from /Users/ashleyhofferber/.rbenv/versions/2.2.2/lib/ruby/2.2.0/webrick/httpserver.rb:45:in `initialize'
	from /Users/ashleyhofferber/.rbenv/versions/2.2.2/lib/ruby/gems/2.2.0/gems/rack-1.6.4/lib/rack/handler/webrick.rb:31:in `new'
	from /Users/ashleyhofferber/.rbenv/versions/2.2.2/lib/ruby/gems/2.2.0/gems/rack-1.6.4/lib/rack/handler/webrick.rb:31:in `run'
	from /Users/ashleyhofferber/.rbenv/versions/2.2.2/lib/ruby/gems/2.2.0/gems/rack-1.6.4/lib/rack/server.rb:286:in `start'
	from /Users/ashleyhofferber/.rbenv/versions/2.2.2/lib/ruby/gems/2.2.0/gems/rack-1.6.4/lib/rack/server.rb:147:in `start'
	from /Users/ashleyhofferber/.rbenv/versions/2.2.2/lib/ruby/gems/2.2.0/gems/rack-1.6.4/bin/rackup:4:in `<top (required)>'
	from /Users/ashleyhofferber/.rbenv/versions/2.2.2/bin/rackup:23:in `load'
	from /Users/ashleyhofferber/.rbenv/versions/2.2.2/bin/rackup:23:in `<main>'
